0 info it worked if it ends with ok
1 verbose cli [ 'C:\\Program Files\\nodejs\\node.exe',
1 verbose cli   'C:\\Program Files\\nodejs\\node_modules\\npm\\bin\\npm-cli.js',
1 verbose cli   'install',
1 verbose cli   '\'jshint-stylish\'' ]
2 info using npm@2.14.7
3 info using node@v4.2.2
4 verbose install initial load of C:\Users\admin\Desktop\test\smtRaport\client\package.json
5 warn package.json client@1.0.0 No description
6 warn package.json client@1.0.0 No repository field.
7 warn package.json client@1.0.0 No README data
8 verbose installManyTop reading scoped package data from C:\Users\admin\Desktop\test\smtRaport\client\node_modules\bower\package.json
9 verbose installManyTop reading scoped package data from C:\Users\admin\Desktop\test\smtRaport\client\node_modules\grunt\package.json
10 verbose installManyTop reading scoped package data from C:\Users\admin\Desktop\test\smtRaport\client\node_modules\grunt-contrib-concat\package.json
11 verbose installManyTop reading scoped package data from C:\Users\admin\Desktop\test\smtRaport\client\node_modules\grunt-contrib-copy\package.json
12 verbose installManyTop reading scoped package data from C:\Users\admin\Desktop\test\smtRaport\client\node_modules\grunt-contrib-cssmin\package.json
13 verbose installManyTop reading scoped package data from C:\Users\admin\Desktop\test\smtRaport\client\node_modules\grunt-contrib-htmlmin\package.json
14 verbose installManyTop reading scoped package data from C:\Users\admin\Desktop\test\smtRaport\client\node_modules\grunt-contrib-jshint\package.json
15 verbose installManyTop reading scoped package data from C:\Users\admin\Desktop\test\smtRaport\client\node_modules\grunt-contrib-uglify\package.json
16 verbose installManyTop reading scoped package data from C:\Users\admin\Desktop\test\smtRaport\client\node_modules\grunt-contrib-watch\package.json
17 verbose readDependencies loading dependencies from C:\Users\admin\Desktop\test\smtRaport\client\package.json
18 silly cache add args [ '\'jshint-stylish\'', null ]
19 verbose cache add spec 'jshint-stylish'
20 silly cache add parsed spec Result {
20 silly cache add   raw: '\'jshint-stylish\'',
20 silly cache add   scope: null,
20 silly cache add   name: null,
20 silly cache add   rawSpec: '\'jshint-stylish\'',
20 silly cache add   spec: 'C:\\Users\\admin\\Desktop\\test\\smtRaport\\client\\src\\\'jshint-stylish\'',
20 silly cache add   type: 'local' }
21 error addLocal Could not install C:\Users\admin\Desktop\test\smtRaport\client\src\'jshint-stylish'
22 verbose stack Error: ENOENT: no such file or directory, open 'C:\Users\admin\Desktop\test\smtRaport\client\src\'jshint-stylish''
22 verbose stack     at Error (native)
23 verbose cwd C:\Users\admin\Desktop\test\smtRaport\client\src
24 error Windows_NT 10.0.10240
25 error argv "C:\\Program Files\\nodejs\\node.exe" "C:\\Program Files\\nodejs\\node_modules\\npm\\bin\\npm-cli.js" "install" "'jshint-stylish'"
26 error node v4.2.2
27 error npm  v2.14.7
28 error path C:\Users\admin\Desktop\test\smtRaport\client\src\'jshint-stylish'
29 error code ENOENT
30 error errno -4058
31 error syscall open
32 error enoent ENOENT: no such file or directory, open 'C:\Users\admin\Desktop\test\smtRaport\client\src\'jshint-stylish''
32 error enoent This is most likely not a problem with npm itself
32 error enoent and is related to npm not being able to find a file.
33 verbose exit [ -4058, true ]
